Resolving dependencies...
Downloading packages...
  characters 1.4.0 (1.4.1 available)
  fl_chart 0.68.0 (1.1.1 available)
  flutter_lints 5.0.0 (6.0.0 available)
  google_sign_in 6.3.0 (7.2.0 available)
  google_sign_in_android 6.2.1 (7.2.7 available)
  google_sign_in_ios 5.9.0 (6.2.4 available)
  google_sign_in_platform_interface 2.5.0 (3.1.0 available)
  google_sign_in_web 0.12.4+4 (1.1.0 available)
  intl 0.19.0 (0.20.2 available)
  lints 5.1.1 (6.0.0 available)
  matcher 0.12.17 (0.12.18 available)
  material_color_utilities 0.11.1 (0.13.0 available)
  test_api 0.7.7 (0.7.8 available)
Got dependencies!
13 packages have newer versions incompatible with dependency constraints.
Try `flutter pub outdated` for more information.
Running Gradle task 'assembleRelease'...                        
lib/screens/settings_screen.dart:61:29: Error: Can't find ']' to match '['.
                  children: [
                            ^
lib/screens/settings_screen.dart:62:27: Error: Expected ')' before this.
                  children: [
                          ^
lib/screens/settings_screen.dart:62:19: Error: The getter 'children' isn't defined for the type 'SettingsScreen'.
 - 'SettingsScreen' is from 'package:expense_tracker/screens/settings_screen.dart' ('lib/screens/settings_screen.dart').
Try correcting the name to the name of an existing getter, or defining a getter or field named 'children'.
                  children: [
                  ^^^^^^^^
Target kernel_snapshot_program failed: Exception


FAILURE: Build failed with an exception.

* What went wrong:
Execution failed for task ':app:compileFlutterBuildRelease'.
> Process 'command '/Users/success/flutter/bin/flutter'' finished with non-zero exit value 1

* Try:
> Run with --stacktrace option to get the stack trace.
> Run with --info or --debug option to get more log output.
> Run with --scan to get full insights.
> Get more help at https://help.gradle.org.

BUILD FAILED in 5s
Running Gradle task 'assembleRelease'...                            5.8s
Gradle task assembleRelease failed with exit code 1
